<?xml version="1.0" encoding="UTF-8"?>
<!-- Generated by org.testng.reporters.JUnitReportReporter -->
<testsuite hostname="thien" failures="0" tests="1" name="com.example.LoginTest" time="4.958" errors="0" timestamp="02 Aug 2021 20:14:07 GMT" skipped="0">
  <testcase classname="com.example.LoginTest" name="menuNews" time="4.958"/>
</testsuite> <!-- com.example.LoginTest -->
